<?xml version="1.0" encoding="UTF-8" ?>
<testsuite tests="8" failures="0" name="org.jsoup.nodes.AttributesTest" time="0.003" errors="0" skipped="0">
  <properties>
[...]
</properties>
  <testcase classname="org.jsoup.nodes.AttributesTest" name="testIteratorRemovable" time="0"/>
  <testcase classname="org.jsoup.nodes.AttributesTest" name="testIteratorHasNext" time="0"/>
  <testcase classname="org.jsoup.nodes.AttributesTest" name="removeCaseSensitive" time="0.001"/>
  <testcase classname="org.jsoup.nodes.AttributesTest" name="html" time="0"/>
  <testcase classname="org.jsoup.nodes.AttributesTest" name="testSetKeyConsistency" time="0.001"/>
  <testcase classname="org.jsoup.nodes.AttributesTest" name="testIteratorEmpty" time="0"/>
  <testcase classname="org.jsoup.nodes.AttributesTest" name="testIterator" time="0.001"/>
  <testcase classname="org.jsoup.nodes.AttributesTest" name="testIteratorUpdateable" time="0"/>
</testsuite>