<?xml version="1.0" encoding="UTF-8" ?>
<testsuite errors="0" failures="0" hostname="Xipeng-Songs-MacBook-Pro.local" name="org.jsoup.helper.W3CDomTest" skipped="0" tests="6" time="0.197" timestamp="2023-01-23T18:32:02">
  <properties>
[...]
</properties>
  <testcase classname="org.jsoup.helper.W3CDomTest" name="simpleConversion" time="0.06" />
  <testcase classname="org.jsoup.helper.W3CDomTest" name="namespacePreservation" time="0.003" />
  <testcase classname="org.jsoup.helper.W3CDomTest" name="convertsGoogleLocation" time="0.06" />
  <testcase classname="org.jsoup.helper.W3CDomTest" name="treatsUndeclaredNamespaceAsLocalName" time="0.003" />
  <testcase classname="org.jsoup.helper.W3CDomTest" name="handlesInvalidAttributeNames" time="0.003" />
  <testcase classname="org.jsoup.helper.W3CDomTest" name="convertsGoogle" time="0.025" />
  <system-out><![CDATA[]]></system-out>
  <system-err><![CDATA[]]></system-err>
</testsuite>
